<?xml version="1.0" encoding="UTF-8"?>
<!-- Generated by org.testng.reporters.JUnitReportReporter -->
<testsuite hostname="WKWIN5154091" failures="0" tests="3" name="com.qa.test.CustomerRegistrationPost" time="7.127" errors="0" timestamp="28 Sep 2019 12:05:19 GMT" skipped="0">
  <testcase classname="com.qa.test.CustomerRegistrationPost" name="createCustomerTest" time="1.307"/>
  <testcase classname="com.qa.test.CustomerRegistrationPost" name="createCustomerTest" time="4.041"/>
  <testcase classname="com.qa.test.CustomerRegistrationPost" name="createCustomerTest" time="1.779"/>
</testsuite> <!-- com.qa.test.CustomerRegistrationPost -->
